<?xml version="1.0" encoding="UTF-8"?>
<testsuite xmlns:xsi="http://www.w3.org/2001/XMLSchema-instance" xsi:noNamespaceSchemaLocation="https://maven.apache.org/surefire/maven-surefire-plugin/xsd/surefire-test-report.xsd" name="DubboDemo.AppTest" time="0.048" tests="1" errors="0" skipped="0" failures="0">
  <properties>
    <property name="sun.desktop" value="windows"/>
    <property name="awt.toolkit" value="sun.awt.windows.WToolkit"/>
    <property name="file.encoding.pkg" value="sun.io"/>
    <property name="java.specification.version" value="1.8"/>
    <property name="sun.cpu.isalist" value="amd64"/>
    <property name="sun.jnu.encoding" value="GBK"/>
    <property name="java.class.path" value="E:\workspace\project\DubboDemo\ioc-test\target\test-classes;E:\workspace\project\DubboDemo\ioc-test\target\classes;E:\develop\java\maven-repostory\junit\junit\4.11\junit-4.11.jar;E:\develop\java\maven-repostory\org\hamcrest\hamcrest-core\1.3\hamcrest-core-1.3.jar;E:\develop\java\maven-repostory\jstl\jstl\1.2\jstl-1.2.jar;E:\develop\java\maven-repostory\javax\javaee-api\7.0\javaee-api-7.0.jar;E:\develop\java\maven-repostory\com\sun\mail\javax.mail\1.5.0\javax.mail-1.5.0.jar;E:\develop\java\maven-repostory\javax\activation\activation\1.1\activation-1.1.jar;E:\develop\java\maven-repostory\org\springframework\spring-core\4.2.5.RELEASE\spring-core-4.2.5.RELEASE.jar;E:\develop\java\maven-repostory\commons-logging\commons-logging\1.2\commons-logging-1.2.jar;E:\develop\java\maven-repostory\org\springframework\spring-web\4.2.5.RELEASE\spring-web-4.2.5.RELEASE.jar;E:\develop\java\maven-repostory\org\springframework\spring-beans\4.2.5.RELEASE\spring-beans-4.2.5.RELEASE.jar;E:\develop\java\maven-repostory\org\springframework\spring-oxm\4.2.5.RELEASE\spring-oxm-4.2.5.RELEASE.jar;E:\develop\java\maven-repostory\org\springframework\spring-tx\4.2.5.RELEASE\spring-tx-4.2.5.RELEASE.jar;E:\develop\java\maven-repostory\org\springframework\spring-jdbc\4.2.5.RELEASE\spring-jdbc-4.2.5.RELEASE.jar;E:\develop\java\maven-repostory\org\springframework\spring-webmvc\4.2.5.RELEASE\spring-webmvc-4.2.5.RELEASE.jar;E:\develop\java\maven-repostory\org\springframework\spring-expression\4.2.5.RELEASE\spring-expression-4.2.5.RELEASE.jar;E:\develop\java\maven-repostory\org\springframework\spring-context\4.2.5.RELEASE\spring-context-4.2.5.RELEASE.jar;E:\develop\java\maven-repostory\org\springframework\spring-context-support\4.2.5.RELEASE\spring-context-support-4.2.5.RELEASE.jar;E:\develop\java\maven-repostory\org\springframework\spring-aop\4.2.5.RELEASE\spring-aop-4.2.5.RELEASE.jar;E:\develop\java\maven-repostory\aopalliance\aopalliance\1.0\aopalliance-1.0.jar;E:\develop\java\maven-repostory\org\springframework\spring-test\4.2.5.RELEASE\spring-test-4.2.5.RELEASE.jar;E:\develop\java\maven-repostory\org\mybatis\mybatis\3.2.8\mybatis-3.2.8.jar;E:\develop\java\maven-repostory\org\mybatis\mybatis-spring\1.2.2\mybatis-spring-1.2.2.jar;E:\develop\java\maven-repostory\mysql\mysql-connector-java\5.1.29\mysql-connector-java-5.1.29.jar;E:\develop\java\maven-repostory\commons-dbcp\commons-dbcp\1.2.2\commons-dbcp-1.2.2.jar;E:\develop\java\maven-repostory\commons-pool\commons-pool\1.3\commons-pool-1.3.jar;E:\develop\java\maven-repostory\com\alibaba\fastjson\1.2.22\fastjson-1.2.22.jar;E:\develop\java\maven-repostory\log4j\log4j\1.2.17\log4j-1.2.17.jar;E:\develop\java\maven-repostory\org\slf4j\slf4j-api\1.7.18\slf4j-api-1.7.18.jar;E:\develop\java\maven-repostory\org\slf4j\slf4j-log4j12\1.7.18\slf4j-log4j12-1.7.18.jar;E:\develop\java\maven-repostory\org\codehaus\jackson\jackson-mapper-asl\1.9.13\jackson-mapper-asl-1.9.13.jar;E:\develop\java\maven-repostory\org\codehaus\jackson\jackson-core-asl\1.9.13\jackson-core-asl-1.9.13.jar;E:\develop\java\maven-repostory\com\fasterxml\jackson\core\jackson-core\2.8.0\jackson-core-2.8.0.jar;E:\develop\java\maven-repostory\com\fasterxml\jackson\core\jackson-databind\2.8.0\jackson-databind-2.8.0.jar;E:\develop\java\maven-repostory\com\fasterxml\jackson\core\jackson-annotations\2.8.0\jackson-annotations-2.8.0.jar;E:\develop\java\maven-repostory\commons-fileupload\commons-fileupload\1.3.1\commons-fileupload-1.3.1.jar;E:\develop\java\maven-repostory\commons-io\commons-io\2.4\commons-io-2.4.jar;E:\develop\java\maven-repostory\commons-codec\commons-codec\1.9\commons-codec-1.9.jar;E:\develop\java\maven-repostory\org\quartz-scheduler\quartz\2.2.1\quartz-2.2.1.jar;E:\develop\java\maven-repostory\c3p0\c3p0\0.9.1.1\c3p0-0.9.1.1.jar;E:\develop\java\maven-repostory\org\apache\shiro\shiro-core\1.3.2\shiro-core-1.3.2.jar;E:\develop\java\maven-repostory\commons-beanutils\commons-beanutils\1.8.3\commons-beanutils-1.8.3.jar;E:\develop\java\maven-repostory\org\apache\shiro\shiro-web\1.3.2\shiro-web-1.3.2.jar;E:\develop\java\maven-repostory\org\apache\shiro\shiro-spring\1.3.2\shiro-spring-1.3.2.jar;E:\develop\java\maven-repostory\org\apache\shiro\shiro-ehcache\1.3.2\shiro-ehcache-1.3.2.jar;E:\develop\java\maven-repostory\net\sf\ehcache\ehcache-core\2.5.3\ehcache-core-2.5.3.jar;E:\develop\java\maven-repostory\org\apache\zookeeper\zookeeper\3.4.9\zookeeper-3.4.9.jar;E:\develop\java\maven-repostory\jline\jline\0.9.94\jline-0.9.94.jar;E:\develop\java\maven-repostory\io\netty\netty\3.10.5.Final\netty-3.10.5.Final.jar;E:\develop\java\maven-repostory\com\alibaba\dubbo\2.5.3\dubbo-2.5.3.jar;E:\develop\java\maven-repostory\org\javassist\javassist\3.15.0-GA\javassist-3.15.0-GA.jar;E:\develop\java\maven-repostory\org\jboss\netty\netty\3.2.5.Final\netty-3.2.5.Final.jar;E:\develop\java\maven-repostory\com\101tec\zkclient\0.10\zkclient-0.10.jar;"/>
    <property name="java.vm.vendor" value="Oracle Corporation"/>
    <property name="sun.arch.data.model" value="64"/>
    <property name="user.variant" value=""/>
    <property name="java.vendor.url" value="http://java.oracle.com/"/>
    <property name="user.timezone" value=""/>
    <property name="java.vm.specification.version" value="1.8"/>
    <property name="os.name" value="Windows 10"/>
    <property name="user.country" value="CN"/>
    <property name="sun.java.launcher" value="SUN_STANDARD"/>
    <property name="sun.boot.library.path" value="E:\develop\java\jdk1.8.0_181\jre\bin"/>
    <property name="sun.java.command" value="C:\Users\ywwl\AppData\Local\Temp\surefire6130359761346582938\surefirebooter7623076815131569817.jar C:\Users\ywwl\AppData\Local\Temp\surefire6130359761346582938 2018-09-14T16-22-09_904-jvmRun1 surefire1060879039856887793tmp surefire_01973984205293842998tmp"/>
    <property name="surefire.test.class.path" value="E:\workspace\project\DubboDemo\ioc-test\target\test-classes;E:\workspace\project\DubboDemo\ioc-test\target\classes;E:\develop\java\maven-repostory\junit\junit\4.11\junit-4.11.jar;E:\develop\java\maven-repostory\org\hamcrest\hamcrest-core\1.3\hamcrest-core-1.3.jar;E:\develop\java\maven-repostory\jstl\jstl\1.2\jstl-1.2.jar;E:\develop\java\maven-repostory\javax\javaee-api\7.0\javaee-api-7.0.jar;E:\develop\java\maven-repostory\com\sun\mail\javax.mail\1.5.0\javax.mail-1.5.0.jar;E:\develop\java\maven-repostory\javax\activation\activation\1.1\activation-1.1.jar;E:\develop\java\maven-repostory\org\springframework\spring-core\4.2.5.RELEASE\spring-core-4.2.5.RELEASE.jar;E:\develop\java\maven-repostory\commons-logging\commons-logging\1.2\commons-logging-1.2.jar;E:\develop\java\maven-repostory\org\springframework\spring-web\4.2.5.RELEASE\spring-web-4.2.5.RELEASE.jar;E:\develop\java\maven-repostory\org\springframework\spring-beans\4.2.5.RELEASE\spring-beans-4.2.5.RELEASE.jar;E:\develop\java\maven-repostory\org\springframework\spring-oxm\4.2.5.RELEASE\spring-oxm-4.2.5.RELEASE.jar;E:\develop\java\maven-repostory\org\springframework\spring-tx\4.2.5.RELEASE\spring-tx-4.2.5.RELEASE.jar;E:\develop\java\maven-repostory\org\springframework\spring-jdbc\4.2.5.RELEASE\spring-jdbc-4.2.5.RELEASE.jar;E:\develop\java\maven-repostory\org\springframework\spring-webmvc\4.2.5.RELEASE\spring-webmvc-4.2.5.RELEASE.jar;E:\develop\java\maven-repostory\org\springframework\spring-expression\4.2.5.RELEASE\spring-expression-4.2.5.RELEASE.jar;E:\develop\java\maven-repostory\org\springframework\spring-context\4.2.5.RELEASE\spring-context-4.2.5.RELEASE.jar;E:\develop\java\maven-repostory\org\springframework\spring-context-support\4.2.5.RELEASE\spring-context-support-4.2.5.RELEASE.jar;E:\develop\java\maven-repostory\org\springframework\spring-aop\4.2.5.RELEASE\spring-aop-4.2.5.RELEASE.jar;E:\develop\java\maven-repostory\aopalliance\aopalliance\1.0\aopalliance-1.0.jar;E:\develop\java\maven-repostory\org\springframework\spring-test\4.2.5.RELEASE\spring-test-4.2.5.RELEASE.jar;E:\develop\java\maven-repostory\org\mybatis\mybatis\3.2.8\mybatis-3.2.8.jar;E:\develop\java\maven-repostory\org\mybatis\mybatis-spring\1.2.2\mybatis-spring-1.2.2.jar;E:\develop\java\maven-repostory\mysql\mysql-connector-java\5.1.29\mysql-connector-java-5.1.29.jar;E:\develop\java\maven-repostory\commons-dbcp\commons-dbcp\1.2.2\commons-dbcp-1.2.2.jar;E:\develop\java\maven-repostory\commons-pool\commons-pool\1.3\commons-pool-1.3.jar;E:\develop\java\maven-repostory\com\alibaba\fastjson\1.2.22\fastjson-1.2.22.jar;E:\develop\java\maven-repostory\log4j\log4j\1.2.17\log4j-1.2.17.jar;E:\develop\java\maven-repostory\org\slf4j\slf4j-api\1.7.18\slf4j-api-1.7.18.jar;E:\develop\java\maven-repostory\org\slf4j\slf4j-log4j12\1.7.18\slf4j-log4j12-1.7.18.jar;E:\develop\java\maven-repostory\org\codehaus\jackson\jackson-mapper-asl\1.9.13\jackson-mapper-asl-1.9.13.jar;E:\develop\java\maven-repostory\org\codehaus\jackson\jackson-core-asl\1.9.13\jackson-core-asl-1.9.13.jar;E:\develop\java\maven-repostory\com\fasterxml\jackson\core\jackson-core\2.8.0\jackson-core-2.8.0.jar;E:\develop\java\maven-repostory\com\fasterxml\jackson\core\jackson-databind\2.8.0\jackson-databind-2.8.0.jar;E:\develop\java\maven-repostory\com\fasterxml\jackson\core\jackson-annotations\2.8.0\jackson-annotations-2.8.0.jar;E:\develop\java\maven-repostory\commons-fileupload\commons-fileupload\1.3.1\commons-fileupload-1.3.1.jar;E:\develop\java\maven-repostory\commons-io\commons-io\2.4\commons-io-2.4.jar;E:\develop\java\maven-repostory\commons-codec\commons-codec\1.9\commons-codec-1.9.jar;E:\develop\java\maven-repostory\org\quartz-scheduler\quartz\2.2.1\quartz-2.2.1.jar;E:\develop\java\maven-repostory\c3p0\c3p0\0.9.1.1\c3p0-0.9.1.1.jar;E:\develop\java\maven-repostory\org\apache\shiro\shiro-core\1.3.2\shiro-core-1.3.2.jar;E:\develop\java\maven-repostory\commons-beanutils\commons-beanutils\1.8.3\commons-beanutils-1.8.3.jar;E:\develop\java\maven-repostory\org\apache\shiro\shiro-web\1.3.2\shiro-web-1.3.2.jar;E:\develop\java\maven-repostory\org\apache\shiro\shiro-spring\1.3.2\shiro-spring-1.3.2.jar;E:\develop\java\maven-repostory\org\apache\shiro\shiro-ehcache\1.3.2\shiro-ehcache-1.3.2.jar;E:\develop\java\maven-repostory\net\sf\ehcache\ehcache-core\2.5.3\ehcache-core-2.5.3.jar;E:\develop\java\maven-repostory\org\apache\zookeeper\zookeeper\3.4.9\zookeeper-3.4.9.jar;E:\develop\java\maven-repostory\jline\jline\0.9.94\jline-0.9.94.jar;E:\develop\java\maven-repostory\io\netty\netty\3.10.5.Final\netty-3.10.5.Final.jar;E:\develop\java\maven-repostory\com\alibaba\dubbo\2.5.3\dubbo-2.5.3.jar;E:\develop\java\maven-repostory\org\javassist\javassist\3.15.0-GA\javassist-3.15.0-GA.jar;E:\develop\java\maven-repostory\org\jboss\netty\netty\3.2.5.Final\netty-3.2.5.Final.jar;E:\develop\java\maven-repostory\com\101tec\zkclient\0.10\zkclient-0.10.jar;"/>
    <property name="sun.cpu.endian" value="little"/>
    <property name="user.home" value="C:\Users\ywwl"/>
    <property name="user.language" value="zh"/>
    <property name="java.specification.vendor" value="Oracle Corporation"/>
    <property name="java.home" value="E:\develop\java\jdk1.8.0_181\jre"/>
    <property name="basedir" value="E:\workspace\project\DubboDemo\ioc-test"/>
    <property name="file.separator" value="\"/>
    <property name="line.separator" value="&#10;"/>
    <property name="java.vm.specification.vendor" value="Oracle Corporation"/>
    <property name="java.specification.name" value="Java Platform API Specification"/>
    <property name="java.awt.graphicsenv" value="sun.awt.Win32GraphicsEnvironment"/>
    <property name="surefire.real.class.path" value="C:\Users\ywwl\AppData\Local\Temp\surefire6130359761346582938\surefirebooter7623076815131569817.jar"/>
    <property name="sun.boot.class.path" value="E:\develop\java\jdk1.8.0_181\jre\lib\resources.jar;E:\develop\java\jdk1.8.0_181\jre\lib\rt.jar;E:\develop\java\jdk1.8.0_181\jre\lib\sunrsasign.jar;E:\develop\java\jdk1.8.0_181\jre\lib\jsse.jar;E:\develop\java\jdk1.8.0_181\jre\lib\jce.jar;E:\develop\java\jdk1.8.0_181\jre\lib\charsets.jar;E:\develop\java\jdk1.8.0_181\jre\lib\jfr.jar;E:\develop\java\jdk1.8.0_181\jre\classes"/>
    <property name="user.script" value=""/>
    <property name="sun.management.compiler" value="HotSpot 64-Bit Tiered Compilers"/>
    <property name="java.runtime.version" value="1.8.0_181-b13"/>
    <property name="user.name" value="ywwl"/>
    <property name="path.separator" value=";"/>
    <property name="os.version" value="10.0"/>
    <property name="java.endorsed.dirs" value="E:\develop\java\jdk1.8.0_181\jre\lib\endorsed"/>
    <property name="java.runtime.name" value="Java(TM) SE Runtime Environment"/>
    <property name="file.encoding" value="GBK"/>
    <property name="java.vm.name" value="Java HotSpot(TM) 64-Bit Server VM"/>
    <property name="localRepository" value="E:\develop\java\maven-repostory"/>
    <property name="java.vendor.url.bug" value="http://bugreport.sun.com/bugreport/"/>
    <property name="java.io.tmpdir" value="C:\Users\ywwl\AppData\Local\Temp\"/>
    <property name="idea.version" value="2018.2.3"/>
    <property name="java.version" value="1.8.0_181"/>
    <property name="user.dir" value="E:\workspace\project\DubboDemo\ioc-test"/>
    <property name="os.arch" value="amd64"/>
    <property name="java.vm.specification.name" value="Java Virtual Machine Specification"/>
    <property name="java.awt.printerjob" value="sun.awt.windows.WPrinterJob"/>
    <property name="sun.os.patch.level" value=""/>
    <property name="java.library.path" value="E:\develop\java\jdk1.8.0_181\jre\bin;C:\Windows\Sun\Java\bin;C:\Windows\system32;C:\Windows;C:\Program Files (x86)\Common Files\Oracle\Java\javapath;C:\Windows\system32;C:\Windows;C:\Windows\System32\Wbem;C:\Windows\System32\WindowsPowerShell\v1.0\;E:\develop\java\jdk1.8.0_181\bin;E:\develop\java\jdk1.8.0_181\jre\bin;E:\develop\java\apache-maven-3.5.4\bin;E:\develop\Git\cmd;E:\develop\java\apache-tomcat-7.0.90\lib;E:\develop\java\apache-tomcat-7.0.90\bin;E:\develop\mysql-5.7.23\bin;C:\Users\ywwl\AppData\Local\Microsoft\WindowsApps;;."/>
    <property name="java.vm.info" value="mixed mode"/>
    <property name="java.vendor" value="Oracle Corporation"/>
    <property name="java.vm.version" value="25.181-b13"/>
    <property name="java.ext.dirs" value="E:\develop\java\jdk1.8.0_181\jre\lib\ext;C:\Windows\Sun\Java\lib\ext"/>
    <property name="sun.io.unicode.encoding" value="UnicodeLittle"/>
    <property name="java.class.version" value="52.0"/>
  </properties>
  <testcase name="shouldAnswerWithTrue" classname="DubboDemo.AppTest" time="0.002"/>
</testsuite>